04/22/22 19:02:49 ******************************************************
04/22/22 19:02:49 ** condor_scheduniv_exec.2.0 (CONDOR_DAGMAN) STARTING UP
04/22/22 19:02:49 ** /usr/bin/condor_dagman
04/22/22 19:02:49 ** SubsystemInfo: name=DAGMAN type=DAGMAN(10) class=DAEMON(1)
04/22/22 19:02:49 ** Configuration: subsystem:DAGMAN local:<NONE> class:DAEMON
04/22/22 19:02:49 ** $CondorVersion: 9.2.0 Sep 23 2021 BuildID: 557262 PackageID: 9.2.0-1 $
04/22/22 19:02:49 ** $CondorPlatform: x86_64_CentOS7 $
04/22/22 19:02:49 ** PID = 1190
04/22/22 19:02:49 ** Log last touched time unavailable (No such file or directory)
04/22/22 19:02:49 ******************************************************
04/22/22 19:02:49 Using config source: /etc/condor/condor_config
04/22/22 19:02:49 Using local config sources: 
04/22/22 19:02:49    /etc/condor/config.d/00-htcondor-9.0.config
04/22/22 19:02:49    /etc/condor/config.d/01-env.conf
04/22/22 19:02:49    /etc/condor/config.d/01-misc.conf
04/22/22 19:02:49    /etc/condor/config.d/01-role.conf
04/22/22 19:02:49    /etc/condor/config.d/01-security.conf
04/22/22 19:02:49    /etc/condor/condor_config.local
04/22/22 19:02:49 config Macros = 85, Sorted = 85, StringBytes = 2896, TablesBytes = 3140
04/22/22 19:02:49 CLASSAD_CACHING is ENABLED
04/22/22 19:02:49 Daemon Log is logging: D_ALWAYS D_ERROR
04/22/22 19:02:49 DaemonCore: No command port requested.
04/22/22 19:02:49 DAGMAN_USE_STRICT setting: 1
04/22/22 19:02:49 DAGMAN_VERBOSITY setting: 3
04/22/22 19:02:49 DAGMAN_DEBUG_CACHE_SIZE setting: 5242880
04/22/22 19:02:49 DAGMAN_DEBUG_CACHE_ENABLE setting: False
04/22/22 19:02:49 DAGMAN_SUBMIT_DELAY setting: 0
04/22/22 19:02:49 DAGMAN_MAX_SUBMIT_ATTEMPTS setting: 6
04/22/22 19:02:49 DAGMAN_STARTUP_CYCLE_DETECT setting: False
04/22/22 19:02:49 DAGMAN_MAX_SUBMITS_PER_INTERVAL setting: 100
04/22/22 19:02:49 DAGMAN_AGGRESSIVE_SUBMIT setting: False
04/22/22 19:02:49 DAGMAN_USER_LOG_SCAN_INTERVAL setting: 5
04/22/22 19:02:49 DAGMAN_QUEUE_UPDATE_INTERVAL setting: 300
04/22/22 19:02:49 DAGMAN_DEFAULT_PRIORITY setting: 0
04/22/22 19:02:49 DAGMAN_SUPPRESS_NOTIFICATION setting: True
04/22/22 19:02:49 allow_events (DAGMAN_ALLOW_EVENTS) setting: 114
04/22/22 19:02:49 DAGMAN_RETRY_SUBMIT_FIRST setting: True
04/22/22 19:02:49 DAGMAN_RETRY_NODE_FIRST setting: False
04/22/22 19:02:49 DAGMAN_MAX_JOBS_IDLE setting: 1000
04/22/22 19:02:49 DAGMAN_MAX_JOBS_SUBMITTED setting: 0
04/22/22 19:02:49 DAGMAN_MAX_PRE_SCRIPTS setting: 20
04/22/22 19:02:49 DAGMAN_MAX_POST_SCRIPTS setting: 20
04/22/22 19:02:49 DAGMAN_MAX_HOLD_SCRIPTS setting: 20
04/22/22 19:02:49 DAGMAN_MUNGE_NODE_NAMES setting: True
04/22/22 19:02:49 DAGMAN_PROHIBIT_MULTI_JOBS setting: False
04/22/22 19:02:49 DAGMAN_SUBMIT_DEPTH_FIRST setting: False
04/22/22 19:02:49 DAGMAN_ALWAYS_RUN_POST setting: False
04/22/22 19:02:49 DAGMAN_CONDOR_SUBMIT_EXE setting: /usr/bin/condor_submit
04/22/22 19:02:49 DAGMAN_USE_CONDOR_SUBMIT setting: True
04/22/22 19:02:49 DAGMAN_ABORT_DUPLICATES setting: True
04/22/22 19:02:49 DAGMAN_ABORT_ON_SCARY_SUBMIT setting: True
04/22/22 19:02:49 DAGMAN_PENDING_REPORT_INTERVAL setting: 600
04/22/22 19:02:49 DAGMAN_AUTO_RESCUE setting: True
04/22/22 19:02:49 DAGMAN_MAX_RESCUE_NUM setting: 100
04/22/22 19:02:49 DAGMAN_WRITE_PARTIAL_RESCUE setting: True
04/22/22 19:02:49 DAGMAN_DEFAULT_NODE_LOG setting: @(DAG_DIR)/@(DAG_FILE).nodes.log
04/22/22 19:02:49 DAGMAN_GENERATE_SUBDAG_SUBMITS setting: True
04/22/22 19:02:49 DAGMAN_MAX_JOB_HOLDS setting: 100
04/22/22 19:02:49 DAGMAN_HOLD_CLAIM_TIME setting: 20
04/22/22 19:02:49 ALL_DEBUG setting: 
04/22/22 19:02:49 DAGMAN_DEBUG setting: 
04/22/22 19:02:49 DAGMAN_SUPPRESS_JOB_LOGS setting: False
04/22/22 19:02:49 DAGMAN_REMOVE_NODE_JOBS setting: True
04/22/22 19:02:49 DAGMAN will adjust edges after parsing
04/22/22 19:02:49 argv[0] == "condor_scheduniv_exec.2.0"
04/22/22 19:02:49 argv[1] == "-Lockfile"
04/22/22 19:02:49 argv[2] == "example-0.dag.lock"
04/22/22 19:02:49 argv[3] == "-AutoRescue"
04/22/22 19:02:49 argv[4] == "1"
04/22/22 19:02:49 argv[5] == "-DoRescueFrom"
04/22/22 19:02:49 argv[6] == "0"
04/22/22 19:02:49 argv[7] == "-Dag"
04/22/22 19:02:49 argv[8] == "example-0.dag"
04/22/22 19:02:49 argv[9] == "-MaxPost"
04/22/22 19:02:49 argv[10] == "20"
04/22/22 19:02:49 argv[11] == "-Suppress_notification"
04/22/22 19:02:49 argv[12] == "-CsdVersion"
04/22/22 19:02:49 argv[13] == "$CondorVersion: 9.2.0 Sep 23 2021 BuildID: 557262 PackageID: 9.2.0-1 $"
04/22/22 19:02:49 argv[14] == "-Dagman"
04/22/22 19:02:49 argv[15] == "/usr/bin/condor_dagman"
04/22/22 19:02:49 Can't open directory "/etc/condor/passwords.d" as PRIV_ROOT, errno: 13 (Permission denied)
04/22/22 19:02:49 Can't open directory "/etc/condor/passwords.d" as PRIV_ROOT, errno: 13 (Permission denied)
04/22/22 19:02:49 Workflow batch-id: <2.0>
04/22/22 19:02:49 Workflow batch-name: <example-0.dag+2>
04/22/22 19:02:49 Workflow accounting_group: <>
04/22/22 19:02:49 Workflow accounting_group_user: <>
04/22/22 19:02:49 Warning: failed to get attribute DAGNodeName
04/22/22 19:02:49 DAGMAN_LOG_ON_NFS_IS_ERROR setting: False
04/22/22 19:02:49 Default node log file is: </srv/submituser/pegasus/example/run0002/./example-0.dag.nodes.log>
04/22/22 19:02:49 DAG Lockfile will be written to example-0.dag.lock
04/22/22 19:02:49 DAG Input file is example-0.dag
04/22/22 19:02:49 Parsing 1 dagfiles
04/22/22 19:02:49 Parsing example-0.dag ...
04/22/22 19:02:49 Adjusting edges
04/22/22 19:02:49 Dag contains 13 total jobs
04/22/22 19:02:49 Bootstrapping...
04/22/22 19:02:49 Number of pre-completed nodes: 0
04/22/22 19:02:49 MultiLogFiles: truncating log file /srv/submituser/pegasus/example/run0002/./example-0.dag.nodes.log
04/22/22 19:02:49 DAG status: 0 (DAG_STATUS_OK)
04/22/22 19:02:49 Of 13 nodes total:
04/22/22 19:02:49  Done     Pre   Queued    Post   Ready   Un-Ready   Failed
04/22/22 19:02:49   ===     ===      ===     ===     ===        ===      ===
04/22/22 19:02:49     0       0        0       0       1         12        0
04/22/22 19:02:49 0 job proc(s) currently held
04/22/22 19:02:49 DAGMan Runtime Statistics: [ EventCycleTimeCount = 0.0; EventCycleTimeSum = 0.0; LogProcessCycleTimeCount = 0.0; LogProcessCycleTimeSum = 0.0; SleepCycleTimeCount = 0.0; SleepCycleTimeSum = 0.0; SubmitCycleTimeCount = 0.0; SubmitCycleTimeSum = 0.0; ]
04/22/22 19:02:49 Registering condor_event_timer...
04/22/22 19:02:50 Submitting HTCondor Node create_dir_example_0_local job(s)...
04/22/22 19:02:50 Adding a DAGMan workflow log /srv/submituser/pegasus/example/run0002/./example-0.dag.nodes.log
04/22/22 19:02:50 Masking the events recorded in the DAGMAN workflow log
04/22/22 19:02:50 Mask for workflow log is 0,1,2,4,5,7,9,10,11,12,13,16,17,24,27,35,36
04/22/22 19:02:50 submitting: /usr/bin/condor_submit -a dag_node_name' '=' 'create_dir_example_0_local -a +DAGManJobId' '=' '2 -a DAGManJobId' '=' '2 -batch-name example-0.dag+2 -batch-id 2.0 -a submit_event_notes' '=' 'DAG' 'Node:' 'create_dir_example_0_local -a dagman_log' '=' '/srv/submituser/pegasus/example/run0002/./example-0.dag.nodes.log -a +DAGManNodesMask' '=' '"0,1,2,4,5,7,9,10,11,12,13,16,17,24,27,35,36" -a priority=800 -a JOB=create_dir_example_0_local -a +DAGNodeRetry' '=' '0 -a DAG_STATUS' '=' '0 -a FAILED_COUNT' '=' '0 -a +KeepClaimIdle' '=' '20 -a notification' '=' 'never -a +DAGParentNodeNames' '=' '"" 00/00/create_dir_example_0_local.sub
04/22/22 19:02:50 From submit: Submitting job(s).
04/22/22 19:02:50 From submit: 1 job(s) submitted to cluster 3.
04/22/22 19:02:50 From submit: WARNING: the line 'JOB = create_dir_example_0_local' was unused by condor_submit. Is it a typo?
04/22/22 19:02:50 	assigned HTCondor ID (3.0.0)
04/22/22 19:02:50 Just submitted 1 job this cycle...
04/22/22 19:02:50 DAG status: 0 (DAG_STATUS_OK)
04/22/22 19:02:50 Of 13 nodes total:
04/22/22 19:02:50  Done     Pre   Queued    Post   Ready   Un-Ready   Failed
04/22/22 19:02:50   ===     ===      ===     ===     ===        ===      ===
04/22/22 19:02:50     0       0        1       0       0         12        0
04/22/22 19:02:50 0 job proc(s) currently held
04/22/22 19:02:50 DAGMan Runtime Statistics: [ EventCycleTimeCount = 0.0; EventCycleTimeSum = 0.0; LogProcessCycleTimeCount = 0.0; LogProcessCycleTimeSum = 0.0; SleepCycleTimeCount = 0.0; SleepCycleTimeSum = 0.0; SubmitCycleTimeAvg = 0.04617595672607422; SubmitCycleTimeCount = 1.0; SubmitCycleTimeMax = 0.04617595672607422; SubmitCycleTimeMin = 0.04617595672607422; SubmitCycleTimeStd = 0.04617595672607422; SubmitCycleTimeSum = 0.04617595672607422; ]
04/22/22 19:02:55 Currently monitoring 1 HTCondor log file(s)
04/22/22 19:02:55 Reassigning the id of job create_dir_example_0_local from (3.0.0) to (3.0.0)
04/22/22 19:02:55 Event: ULOG_SUBMIT for HTCondor Node create_dir_example_0_local (3.0.0) {04/22/22 19:02:50}
04/22/22 19:02:55 Number of idle job procs: 1
04/22/22 19:02:55 Event: ULOG_EXECUTE for HTCondor Node create_dir_example_0_local (3.0.0) {04/22/22 19:02:50}
04/22/22 19:02:55 Number of idle job procs: 0
04/22/22 19:02:55 Event: ULOG_JOB_TERMINATED for HTCondor Node create_dir_example_0_local (3.0.0) {04/22/22 19:02:52}
04/22/22 19:02:55 Number of idle job procs: 0
04/22/22 19:02:55 Node create_dir_example_0_local job proc (3.0.0) completed successfully.
04/22/22 19:02:55 Node create_dir_example_0_local job completed
04/22/22 19:02:55 Running POST script of Node create_dir_example_0_local...
04/22/22 19:02:55 Warning: mysin has length 0 (ignore if produced by DAGMan; see gittrac #4987, #5031)
04/22/22 19:02:55 DAG status: 0 (DAG_STATUS_OK)
04/22/22 19:02:55 Of 13 nodes total:
04/22/22 19:02:55  Done     Pre   Queued    Post   Ready   Un-Ready   Failed
04/22/22 19:02:55   ===     ===      ===     ===     ===        ===      ===
04/22/22 19:02:55     0       0        0       1       0         12        0
04/22/22 19:02:55 0 job proc(s) currently held
04/22/22 19:02:55 DAGMan Runtime Statistics: [ EventCycleTimeAvg = 0.04634690284729004; EventCycleTimeCount = 1.0; EventCycleTimeMax = 0.04634690284729004; EventCycleTimeMin = 0.04634690284729004; EventCycleTimeStd = 0.04634690284729004; EventCycleTimeSum = 0.04634690284729004; LogProcessCycleTimeAvg = 0.01749014854431152; LogProcessCycleTimeCount = 1.0; LogProcessCycleTimeMax = 0.01749014854431152; LogProcessCycleTimeMin = 0.01749014854431152; LogProcessCycleTimeStd = 0.01749014854431152; LogProcessCycleTimeSum = 0.01749014854431152; SleepCycleTimeAvg = 5.002602100372314; SleepCycleTimeCount = 1.0; SleepCycleTimeMax = 5.002602100372314; SleepCycleTimeMin = 5.002602100372314; SleepCycleTimeStd = 5.002602100372314; SleepCycleTimeSum = 5.002602100372314; SubmitCycleTimeAvg = 0.02309596538543701; SubmitCycleTimeCount = 2.0; SubmitCycleTimeMax = 0.04617595672607422; SubmitCycleTimeMin = 1.597404479980469E-05; SubmitCycleTimeStd = 0.03264003677338273; SubmitCycleTimeSum = 0.04619193077087402; ]
04/22/22 19:02:55 Initializing user log writer for /srv/submituser/pegasus/example/run0002/./example-0.dag.nodes.log, (3.0.0)
04/22/22 19:03:00 Currently monitoring 1 HTCondor log file(s)
04/22/22 19:03:00 Event: ULOG_POST_SCRIPT_TERMINATED for HTCondor Node create_dir_example_0_local (3.0.0) {04/22/22 19:02:55}
04/22/22 19:03:00 POST Script of node create_dir_example_0_local completed successfully.
04/22/22 19:03:00 DAG status: 0 (DAG_STATUS_OK)
04/22/22 19:03:00 Of 13 nodes total:
04/22/22 19:03:00  Done     Pre   Queued    Post   Ready   Un-Ready   Failed
04/22/22 19:03:00   ===     ===      ===     ===     ===        ===      ===
04/22/22 19:03:00     1       0        0       0       2         10        0
04/22/22 19:03:00 0 job proc(s) currently held
04/22/22 19:03:00 DAGMan Runtime Statistics: [ EventCycleTimeAvg = 0.03231644630432129; EventCycleTimeCount = 2.0; EventCycleTimeMax = 0.04634690284729004; EventCycleTimeMin = 0.01828598976135254; EventCycleTimeStd = 0.01984206192935273; EventCycleTimeSum = 0.06463289260864258; LogProcessCycleTimeAvg = 0.01090359687805176; LogProcessCycleTimeCount = 2.0; LogProcessCycleTimeMax = 0.01749014854431152; LogProcessCycleTimeMin = 0.004317045211791992; LogProcessCycleTimeStd = 0.009314790695695668; LogProcessCycleTimeSum = 0.02180719375610352; SleepCycleTimeAvg = 5.158125042915344; SleepCycleTimeCount = 2.0; SleepCycleTimeMax = 5.313647985458374; SleepCycleTimeMin = 5.002602100372314; SleepCycleTimeStd = 0.2199426546045243; SleepCycleTimeSum = 10.31625008583069; SubmitCycleTimeAvg = 0.01540263493855794; SubmitCycleTimeCount = 3.0; SubmitCycleTimeMax = 0.04617595672607422; SubmitCycleTimeMin = 1.597404479980469E-05; SubmitCycleTimeStd = 0.02665047842682225; SubmitCycleTimeSum = 0.04620790481567383; ]
04/22/22 19:03:05 Submitting HTCondor Node stage_in_local_local_0_0 job(s)...
04/22/22 19:03:05 Adding a DAGMan workflow log /srv/submituser/pegasus/example/run0002/./example-0.dag.nodes.log
04/22/22 19:03:05 Masking the events recorded in the DAGMAN workflow log
04/22/22 19:03:05 Mask for workflow log is 0,1,2,4,5,7,9,10,11,12,13,16,17,24,27,35,36
04/22/22 19:03:05 submitting: /usr/bin/condor_submit -a dag_node_name' '=' 'stage_in_local_local_0_0 -a +DAGManJobId' '=' '2 -a DAGManJobId' '=' '2 -batch-name example-0.dag+2 -batch-id 2.0 -a submit_event_notes' '=' 'DAG' 'Node:' 'stage_in_local_local_0_0 -a dagman_log' '=' '/srv/submituser/pegasus/example/run0002/./example-0.dag.nodes.log -a +DAGManNodesMask' '=' '"0,1,2,4,5,7,9,10,11,12,13,16,17,24,27,35,36" -a priority=700 -a JOB=stage_in_local_local_0_0 -a +DAGNodeRetry' '=' '0 -a DAG_STATUS' '=' '0 -a FAILED_COUNT' '=' '0 -a +KeepClaimIdle' '=' '20 -a notification' '=' 'never -a +DAGParentNodeNames' '=' '"create_dir_example_0_local" 00/00/stage_in_local_local_0_0.sub
04/22/22 19:03:05 From submit: Submitting job(s).
04/22/22 19:03:05 From submit: 1 job(s) submitted to cluster 4.
04/22/22 19:03:05 From submit: WARNING: the line 'JOB = stage_in_local_local_0_0' was unused by condor_submit. Is it a typo?
04/22/22 19:03:05 	assigned HTCondor ID (4.0.0)
04/22/22 19:03:05 Submitting HTCondor Node stage_in_local_local_1_0 job(s)...
04/22/22 19:03:05 Adding a DAGMan workflow log /srv/submituser/pegasus/example/run0002/./example-0.dag.nodes.log
04/22/22 19:03:05 Masking the events recorded in the DAGMAN workflow log
04/22/22 19:03:05 Mask for workflow log is 0,1,2,4,5,7,9,10,11,12,13,16,17,24,27,35,36
04/22/22 19:03:05 submitting: /usr/bin/condor_submit -a dag_node_name' '=' 'stage_in_local_local_1_0 -a +DAGManJobId' '=' '2 -a DAGManJobId' '=' '2 -batch-name example-0.dag+2 -batch-id 2.0 -a submit_event_notes' '=' 'DAG' 'Node:' 'stage_in_local_local_1_0 -a dagman_log' '=' '/srv/submituser/pegasus/example/run0002/./example-0.dag.nodes.log -a +DAGManNodesMask' '=' '"0,1,2,4,5,7,9,10,11,12,13,16,17,24,27,35,36" -a priority=700 -a JOB=stage_in_local_local_1_0 -a +DAGNodeRetry' '=' '0 -a DAG_STATUS' '=' '0 -a FAILED_COUNT' '=' '0 -a +KeepClaimIdle' '=' '20 -a notification' '=' 'never -a +DAGParentNodeNames' '=' '"create_dir_example_0_local" 00/00/stage_in_local_local_1_0.sub
04/22/22 19:03:05 From submit: Submitting job(s).
04/22/22 19:03:05 From submit: 1 job(s) submitted to cluster 5.
04/22/22 19:03:05 From submit: WARNING: the line 'JOB = stage_in_local_local_1_0' was unused by condor_submit. Is it a typo?
04/22/22 19:03:05 	assigned HTCondor ID (5.0.0)
04/22/22 19:03:05 Just submitted 2 jobs this cycle...
04/22/22 19:03:05 DAG status: 0 (DAG_STATUS_OK)
04/22/22 19:03:05 Of 13 nodes total:
04/22/22 19:03:05  Done     Pre   Queued    Post   Ready   Un-Ready   Failed
04/22/22 19:03:05   ===     ===      ===     ===     ===        ===      ===
04/22/22 19:03:05     1       0        2       0       0         10        0
04/22/22 19:03:05 0 job proc(s) currently held
04/22/22 19:03:05 DAGMan Runtime Statistics: [ EventCycleTimeAvg = 0.02320663134256999; EventCycleTimeCount = 3.0; EventCycleTimeMax = 0.04634690284729004; EventCycleTimeMin = 0.004987001419067383; EventCycleTimeStd = 0.02111444758254826; EventCycleTimeSum = 0.06961989402770996; LogProcessCycleTimeAvg = 0.01090359687805176; LogProcessCycleTimeCount = 2.0; LogProcessCycleTimeMax = 0.01749014854431152; LogProcessCycleTimeMin = 0.004317045211791992; LogProcessCycleTimeStd = 0.009314790695695668; LogProcessCycleTimeSum = 0.02180719375610352; SleepCycleTimeAvg = 5.106788635253906; SleepCycleTimeCount = 3.0; SleepCycleTimeMax = 5.313647985458374; SleepCycleTimeMin = 5.002602100372314; SleepCycleTimeStd = 0.1791470510837022; SleepCycleTimeSum = 15.32036590576172; SubmitCycleTimeAvg = 0.04628199338912964; SubmitCycleTimeCount = 4.0; SubmitCycleTimeMax = 0.1389200687408447; SubmitCycleTimeMin = 1.597404479980469E-05; SubmitCycleTimeStd = 0.06548005635454651; SubmitCycleTimeSum = 0.1851279735565186; ]
04/22/22 19:03:10 Currently monitoring 1 HTCondor log file(s)
04/22/22 19:03:10 Reassigning the id of job stage_in_local_local_0_0 from (4.0.0) to (4.0.0)
04/22/22 19:03:10 Event: ULOG_SUBMIT for HTCondor Node stage_in_local_local_0_0 (4.0.0) {04/22/22 19:03:05}
04/22/22 19:03:10 Number of idle job procs: 1
04/22/22 19:03:10 Reassigning the id of job stage_in_local_local_1_0 from (5.0.0) to (5.0.0)
04/22/22 19:03:10 Event: ULOG_SUBMIT for HTCondor Node stage_in_local_local_1_0 (5.0.0) {04/22/22 19:03:05}
04/22/22 19:03:10 Number of idle job procs: 2
04/22/22 19:03:10 Event: ULOG_EXECUTE for HTCondor Node stage_in_local_local_0_0 (4.0.0) {04/22/22 19:03:05}
04/22/22 19:03:10 Number of idle job procs: 1
04/22/22 19:03:10 Event: ULOG_EXECUTE for HTCondor Node stage_in_local_local_1_0 (5.0.0) {04/22/22 19:03:05}
04/22/22 19:03:10 Number of idle job procs: 0
04/22/22 19:03:10 Event: ULOG_JOB_TERMINATED for HTCondor Node stage_in_local_local_0_0 (4.0.0) {04/22/22 19:03:09}
04/22/22 19:03:10 Number of idle job procs: 0
04/22/22 19:03:10 Node stage_in_local_local_0_0 job proc (4.0.0) completed successfully.
04/22/22 19:03:10 Node stage_in_local_local_0_0 job completed
04/22/22 19:03:10 Running POST script of Node stage_in_local_local_0_0...
04/22/22 19:03:10 Warning: mysin has length 0 (ignore if produced by DAGMan; see gittrac #4987, #5031)
04/22/22 19:03:10 Event: ULOG_JOB_TERMINATED for HTCondor Node stage_in_local_local_1_0 (5.0.0) {04/22/22 19:03:09}
04/22/22 19:03:10 Number of idle job procs: 0
04/22/22 19:03:10 Node stage_in_local_local_1_0 job proc (5.0.0) completed successfully.
04/22/22 19:03:10 Node stage_in_local_local_1_0 job completed
04/22/22 19:03:10 Running POST script of Node stage_in_local_local_1_0...
04/22/22 19:03:10 Warning: mysin has length 0 (ignore if produced by DAGMan; see gittrac #4987, #5031)
04/22/22 19:03:10 DAG status: 0 (DAG_STATUS_OK)
04/22/22 19:03:10 Of 13 nodes total:
04/22/22 19:03:10  Done     Pre   Queued    Post   Ready   Un-Ready   Failed
04/22/22 19:03:10   ===     ===      ===     ===     ===        ===      ===
04/22/22 19:03:10     1       0        0       2       0         10        0
04/22/22 19:03:10 0 job proc(s) currently held
04/22/22 19:03:10 DAGMan Runtime Statistics: [ EventCycleTimeAvg = 0.05219477415084839; EventCycleTimeCount = 4.0; EventCycleTimeMax = 0.1391592025756836; EventCycleTimeMin = 0.004987001419067383; EventCycleTimeStd = 0.06048522925781156; EventCycleTimeSum = 0.2087790966033936; LogProcessCycleTimeAvg = 0.01475040117899577; LogProcessCycleTimeCount = 3.0; LogProcessCycleTimeMax = 0.02244400978088379; LogProcessCycleTimeMin = 0.004317045211791992; LogProcessCycleTimeStd = 0.009368904569990738; LogProcessCycleTimeSum = 0.0442512035369873; SleepCycleTimeAvg = 5.081033170223236; SleepCycleTimeCount = 4.0; SleepCycleTimeMax = 5.313647985458374; SleepCycleTimeMin = 5.002602100372314; SleepCycleTimeStd = 0.1550778939450818; SleepCycleTimeSum = 20.32413268089294; SubmitCycleTimeAvg = 0.03702898025512695; SubmitCycleTimeCount = 5.0; SubmitCycleTimeMax = 0.1389200687408447; SubmitCycleTimeMin = 1.597404479980469E-05; SubmitCycleTimeStd = 0.06036405880518697; SubmitCycleTimeSum = 0.1851449012756348; ]
04/22/22 19:03:10 Initializing user log writer for /srv/submituser/pegasus/example/run0002/./example-0.dag.nodes.log, (5.0.0)
04/22/22 19:03:10 Initializing user log writer for /srv/submituser/pegasus/example/run0002/./example-0.dag.nodes.log, (4.0.0)
04/22/22 19:03:15 Currently monitoring 1 HTCondor log file(s)
04/22/22 19:03:15 Event: ULOG_POST_SCRIPT_TERMINATED for HTCondor Node stage_in_local_local_1_0 (5.0.0) {04/22/22 19:03:10}
04/22/22 19:03:15 POST Script of node stage_in_local_local_1_0 completed successfully.
04/22/22 19:03:15 Event: ULOG_POST_SCRIPT_TERMINATED for HTCondor Node stage_in_local_local_0_0 (4.0.0) {04/22/22 19:03:10}
04/22/22 19:03:15 POST Script of node stage_in_local_local_0_0 completed successfully.
04/22/22 19:03:15 DAG status: 0 (DAG_STATUS_OK)
04/22/22 19:03:15 Of 13 nodes total:
04/22/22 19:03:15  Done     Pre   Queued    Post   Ready   Un-Ready   Failed
04/22/22 19:03:15   ===     ===      ===     ===     ===        ===      ===
04/22/22 19:03:15     3       0        0       0       2          8        0
04/22/22 19:03:15 0 job proc(s) currently held
04/22/22 19:03:15 DAGMan Runtime Statistics: [ EventCycleTimeAvg = 0.04638285636901855; EventCycleTimeCount = 5.0; EventCycleTimeMax = 0.1391592025756836; EventCycleTimeMin = 0.004987001419067383; EventCycleTimeStd = 0.05396979859413287; EventCycleTimeSum = 0.2319142818450928; LogProcessCycleTimeAvg = 0.01226907968521118; LogProcessCycleTimeCount = 4.0; LogProcessCycleTimeMax = 0.02244400978088379; LogProcessCycleTimeMin = 0.004317045211791992; LogProcessCycleTimeStd = 0.009118410350300376; LogProcessCycleTimeSum = 0.04907631874084473; SleepCycleTimeAvg = 5.123900127410889; SleepCycleTimeCount = 5.0; SleepCycleTimeMax = 5.313647985458374; SleepCycleTimeMin = 5.002602100372314; SleepCycleTimeStd = 0.1649992272268796; SleepCycleTimeSum = 25.61950063705444; SubmitCycleTimeAvg = 0.03086014588673909; SubmitCycleTimeCount = 6.0; SubmitCycleTimeMax = 0.1389200687408447; SubmitCycleTimeMin = 1.597404479980469E-05; SubmitCycleTimeStd = 0.05606587893841027; SubmitCycleTimeSum = 0.1851608753204346; ]
04/22/22 19:03:20 Submitting HTCondor Node tar_t1 job(s)...
04/22/22 19:03:20 Adding a DAGMan workflow log /srv/submituser/pegasus/example/run0002/./example-0.dag.nodes.log
04/22/22 19:03:20 Masking the events recorded in the DAGMAN workflow log
04/22/22 19:03:20 Mask for workflow log is 0,1,2,4,5,7,9,10,11,12,13,16,17,24,27,35,36
04/22/22 19:03:20 submitting: /usr/bin/condor_submit -a dag_node_name' '=' 'tar_t1 -a +DAGManJobId' '=' '2 -a DAGManJobId' '=' '2 -batch-name example-0.dag+2 -batch-id 2.0 -a submit_event_notes' '=' 'DAG' 'Node:' 'tar_t1 -a dagman_log' '=' '/srv/submituser/pegasus/example/run0002/./example-0.dag.nodes.log -a +DAGManNodesMask' '=' '"0,1,2,4,5,7,9,10,11,12,13,16,17,24,27,35,36" -a priority=20 -a JOB=tar_t1 -a +DAGNodeRetry' '=' '0 -a DAG_STATUS' '=' '0 -a FAILED_COUNT' '=' '0 -a +KeepClaimIdle' '=' '20 -a notification' '=' 'never -a +DAGParentNodeNames' '=' '"stage_in_local_local_0_0" 00/00/tar_t1.sub
04/22/22 19:03:21 From submit: Submitting job(s).
04/22/22 19:03:21 From submit: 1 job(s) submitted to cluster 6.
04/22/22 19:03:21 From submit: WARNING: the line 'JOB = tar_t1' was unused by condor_submit. Is it a typo?
04/22/22 19:03:21 	assigned HTCondor ID (6.0.0)
04/22/22 19:03:21 Submitting HTCondor Node unzip_t5 job(s)...
04/22/22 19:03:21 Adding a DAGMan workflow log /srv/submituser/pegasus/example/run0002/./example-0.dag.nodes.log
04/22/22 19:03:21 Masking the events recorded in the DAGMAN workflow log
04/22/22 19:03:21 Mask for workflow log is 0,1,2,4,5,7,9,10,11,12,13,16,17,24,27,35,36
04/22/22 19:03:21 submitting: /usr/bin/condor_submit -a dag_node_name' '=' 'unzip_t5 -a +DAGManJobId' '=' '2 -a DAGManJobId' '=' '2 -batch-name example-0.dag+2 -batch-id 2.0 -a submit_event_notes' '=' 'DAG' 'Node:' 'unzip_t5 -a dagman_log' '=' '/srv/submituser/pegasus/example/run0002/./example-0.dag.nodes.log -a +DAGManNodesMask' '=' '"0,1,2,4,5,7,9,10,11,12,13,16,17,24,27,35,36" -a priority=20 -a JOB=unzip_t5 -a +DAGNodeRetry' '=' '0 -a DAG_STATUS' '=' '0 -a FAILED_COUNT' '=' '0 -a +KeepClaimIdle' '=' '20 -a notification' '=' 'never -a +DAGParentNodeNames' '=' '"stage_in_local_local_0_0" 00/00/unzip_t5.sub
04/22/22 19:03:21 From submit: Submitting job(s).
04/22/22 19:03:21 From submit: 1 job(s) submitted to cluster 7.
04/22/22 19:03:21 From submit: WARNING: the line 'JOB = unzip_t5' was unused by condor_submit. Is it a typo?
04/22/22 19:03:21 	assigned HTCondor ID (7.0.0)
04/22/22 19:03:21 Just submitted 2 jobs this cycle...
04/22/22 19:03:21 DAG status: 0 (DAG_STATUS_OK)
04/22/22 19:03:21 Of 13 nodes total:
04/22/22 19:03:21  Done     Pre   Queued    Post   Ready   Un-Ready   Failed
04/22/22 19:03:21   ===     ===      ===     ===     ===        ===      ===
04/22/22 19:03:21     3       0        2       0       0          8        0
04/22/22 19:03:21 0 job proc(s) currently held
04/22/22 19:03:21 DAGMan Runtime Statistics: [ EventCycleTimeAvg = 0.03959953784942627; EventCycleTimeCount = 6.0; EventCycleTimeMax = 0.1391592025756836; EventCycleTimeMin = 0.004987001419067383; EventCycleTimeStd = 0.05105165804420533; EventCycleTimeSum = 0.2375972270965576; LogProcessCycleTimeAvg = 0.01226907968521118; LogProcessCycleTimeCount = 4.0; LogProcessCycleTimeMax = 0.02244400978088379; LogProcessCycleTimeMin = 0.004317045211791992; LogProcessCycleTimeStd = 0.009118410350300376; LogProcessCycleTimeSum = 0.04907631874084473; SleepCycleTimeAvg = 5.103890101114909; SleepCycleTimeCount = 6.0; SleepCycleTimeMax = 5.313647985458374; SleepCycleTimeMin = 5.002602100372314; SleepCycleTimeStd = 0.155506279302697; SleepCycleTimeSum = 30.62334060668945; SubmitCycleTimeAvg = 0.04158197130475726; SubmitCycleTimeCount = 7.0; SubmitCycleTimeMax = 0.1389200687408447; SubmitCycleTimeMin = 1.597404479980469E-05; SubmitCycleTimeStd = 0.05851656545806738; SubmitCycleTimeSum = 0.2910737991333008; ]
04/22/22 19:03:26 Currently monitoring 1 HTCondor log file(s)
04/22/22 19:03:26 Reassigning the id of job tar_t1 from (6.0.0) to (6.0.0)
04/22/22 19:03:26 Event: ULOG_SUBMIT for HTCondor Node tar_t1 (6.0.0) {04/22/22 19:03:21}
04/22/22 19:03:26 Number of idle job procs: 1
04/22/22 19:03:26 Reassigning the id of job unzip_t5 from (7.0.0) to (7.0.0)
04/22/22 19:03:26 Event: ULOG_SUBMIT for HTCondor Node unzip_t5 (7.0.0) {04/22/22 19:03:21}
04/22/22 19:03:26 Number of idle job procs: 2
04/22/22 19:13:26 600 seconds since last log event
04/22/22 19:13:26 Pending DAG nodes:
04/22/22 19:13:26   Node tar_t1, HTCondor ID 6, status STATUS_SUBMITTED
04/22/22 19:13:26   Node unzip_t5, HTCondor ID 7, status STATUS_SUBMITTED
04/22/22 19:23:27 1201 seconds since last log event
04/22/22 19:23:27 Pending DAG nodes:
04/22/22 19:23:27   Node tar_t1, HTCondor ID 6, status STATUS_SUBMITTED
04/22/22 19:23:27   Node unzip_t5, HTCondor ID 7, status STATUS_SUBMITTED
04/22/22 19:33:27 1801 seconds since last log event
04/22/22 19:33:27 Pending DAG nodes:
04/22/22 19:33:27   Node tar_t1, HTCondor ID 6, status STATUS_SUBMITTED
04/22/22 19:33:27   Node unzip_t5, HTCondor ID 7, status STATUS_SUBMITTED
04/22/22 19:43:27 2401 seconds since last log event
04/22/22 19:43:27 Pending DAG nodes:
04/22/22 19:43:27   Node tar_t1, HTCondor ID 6, status STATUS_SUBMITTED
04/22/22 19:43:27   Node unzip_t5, HTCondor ID 7, status STATUS_SUBMITTED
04/22/22 19:53:28 3002 seconds since last log event
04/22/22 19:53:28 Pending DAG nodes:
04/22/22 19:53:28   Node tar_t1, HTCondor ID 6, status STATUS_SUBMITTED
04/22/22 19:53:28   Node unzip_t5, HTCondor ID 7, status STATUS_SUBMITTED
04/22/22 20:03:28 3602 seconds since last log event
04/22/22 20:03:28 Pending DAG nodes:
04/22/22 20:03:28   Node tar_t1, HTCondor ID 6, status STATUS_SUBMITTED
04/22/22 20:03:28   Node unzip_t5, HTCondor ID 7, status STATUS_SUBMITTED
04/22/22 20:13:29 4203 seconds since last log event
04/22/22 20:13:29 Pending DAG nodes:
04/22/22 20:13:29   Node tar_t1, HTCondor ID 6, status STATUS_SUBMITTED
04/22/22 20:13:29   Node unzip_t5, HTCondor ID 7, status STATUS_SUBMITTED
04/22/22 20:23:29 4803 seconds since last log event
04/22/22 20:23:29 Pending DAG nodes:
04/22/22 20:23:29   Node tar_t1, HTCondor ID 6, status STATUS_SUBMITTED
04/22/22 20:23:29   Node unzip_t5, HTCondor ID 7, status STATUS_SUBMITTED
04/22/22 20:33:30 5404 seconds since last log event
04/22/22 20:33:30 Pending DAG nodes:
04/22/22 20:33:30   Node tar_t1, HTCondor ID 6, status STATUS_SUBMITTED
04/22/22 20:33:30   Node unzip_t5, HTCondor ID 7, status STATUS_SUBMITTED
04/22/22 20:43:31 6005 seconds since last log event
04/22/22 20:43:31 Pending DAG nodes:
04/22/22 20:43:31   Node tar_t1, HTCondor ID 6, status STATUS_SUBMITTED
04/22/22 20:43:31   Node unzip_t5, HTCondor ID 7, status STATUS_SUBMITTED
04/22/22 20:53:31 6605 seconds since last log event
04/22/22 20:53:31 Pending DAG nodes:
04/22/22 20:53:31   Node tar_t1, HTCondor ID 6, status STATUS_SUBMITTED
04/22/22 20:53:31   Node unzip_t5, HTCondor ID 7, status STATUS_SUBMITTED
04/22/22 21:03:32 7206 seconds since last log event
04/22/22 21:03:32 Pending DAG nodes:
04/22/22 21:03:32   Node tar_t1, HTCondor ID 6, status STATUS_SUBMITTED
04/22/22 21:03:32   Node unzip_t5, HTCondor ID 7, status STATUS_SUBMITTED
04/22/22 21:13:32 7806 seconds since last log event
04/22/22 21:13:32 Pending DAG nodes:
04/22/22 21:13:32   Node tar_t1, HTCondor ID 6, status STATUS_SUBMITTED
04/22/22 21:13:32   Node unzip_t5, HTCondor ID 7, status STATUS_SUBMITTED
04/22/22 21:23:33 8407 seconds since last log event
04/22/22 21:23:33 Pending DAG nodes:
04/22/22 21:23:33   Node tar_t1, HTCondor ID 6, status STATUS_SUBMITTED
04/22/22 21:23:33   Node unzip_t5, HTCondor ID 7, status STATUS_SUBMITTED
04/22/22 21:52:35 10149 seconds since last log event
04/22/22 21:52:35 Pending DAG nodes:
04/22/22 21:52:35   Node tar_t1, HTCondor ID 6, status STATUS_SUBMITTED
04/22/22 21:52:35   Node unzip_t5, HTCondor ID 7, status STATUS_SUBMITTED
04/22/22 22:02:36 10750 seconds since last log event
04/22/22 22:02:36 Pending DAG nodes:
04/22/22 22:02:36   Node tar_t1, HTCondor ID 6, status STATUS_SUBMITTED
04/22/22 22:02:36   Node unzip_t5, HTCondor ID 7, status STATUS_SUBMITTED
04/22/22 22:12:38 11352 seconds since last log event
04/22/22 22:12:38 Pending DAG nodes:
04/22/22 22:12:38   Node tar_t1, HTCondor ID 6, status STATUS_SUBMITTED
04/22/22 22:12:38   Node unzip_t5, HTCondor ID 7, status STATUS_SUBMITTED
